[2026-03-21 23:17:41,043][__main__][INFO] - Found GPU with device_name NVIDIA L40S. Will run RFdiffusion on NVIDIA L40S
[2026-03-21 23:17:41,044][rfdiffusion.inference.model_runners][INFO] - Reading checkpoint from /workspace/RFdiffusion/rfdiffusion/inference/../../models/Base_ckpt.pt
[2026-03-21 23:17:48,613][rfdiffusion.inference.model_runners][INFO] - Loading checkpoint.
[2026-03-21 23:17:48,729][rfdiffusion.diffusion][INFO] - Using cached IGSO3.
[2026-03-21 23:17:48,751][__main__][INFO] - Making design /workspace/RFdiffusion/outputs/users/anonymous/default/2e6d3667a1c7/v1/design_0
[2026-03-21 23:17:48,757][rfdiffusion.inference.model_runners][INFO] - Using contig: ['120-120']
[2026-03-21 23:17:48,792][rfdiffusion.inference.model_runners][INFO] - Sequence init: ------------------------------------------------------------------------------------------------------------------------
[2026-03-21 23:17:50,524][rfdiffusion.inference.model_runners][INFO] - Timestep 50, input to next step: ------------------------------------------------------------------------------------------------------------------------
[2026-03-21 23:17:50,998][rfdiffusion.inference.model_runners][INFO] - Timestep 49, input to next step: ------------------------------------------------------------------------------------------------------------------------
[2026-03-21 23:17:51,409][rfdiffusion.inference.model_runners][INFO] - Timestep 48, input to next step: ------------------------------------------------------------------------------------------------------------------------
[2026-03-21 23:17:51,820][rfdiffusion.inference.model_runners][INFO] - Timestep 47, input to next step: ------------------------------------------------------------------------------------------------------------------------
[2026-03-21 23:17:52,232][rfdiffusion.inference.model_runners][INFO] - Timestep 46, input to next step: ------------------------------------------------------------------------------------------------------------------------
[2026-03-21 23:17:52,647][rfdiffusion.inference.model_runners][INFO] - Timestep 45, input to next step: ------------------------------------------------------------------------------------------------------------------------
[2026-03-21 23:17:53,075][rfdiffusion.inference.model_runners][INFO] - Timestep 44, input to next step: ------------------------------------------------------------------------------------------------------------------------
[2026-03-21 23:17:53,498][rfdiffusion.inference.model_runners][INFO] - Timestep 43, input to next step: ------------------------------------------------------------------------------------------------------------------------
[2026-03-21 23:17:53,919][rfdiffusion.inference.model_runners][INFO] - Timestep 42, input to next step: ------------------------------------------------------------------------------------------------------------------------
[2026-03-21 23:17:54,382][rfdiffusion.inference.model_runners][INFO] - Timestep 41, input to next step: ------------------------------------------------------------------------------------------------------------------------
[2026-03-21 23:17:54,792][rfdiffusion.inference.model_runners][INFO] - Timestep 40, input to next step: ------------------------------------------------------------------------------------------------------------------------
[2026-03-21 23:17:55,208][rfdiffusion.inference.model_runners][INFO] - Timestep 39, input to next step: ------------------------------------------------------------------------------------------------------------------------
[2026-03-21 23:17:55,672][rfdiffusion.inference.model_runners][INFO] - Timestep 38, input to next step: ------------------------------------------------------------------------------------------------------------------------
[2026-03-21 23:17:56,089][rfdiffusion.inference.model_runners][INFO] - Timestep 37, input to next step: ------------------------------------------------------------------------------------------------------------------------
[2026-03-21 23:17:56,584][rfdiffusion.inference.model_runners][INFO] - Timestep 36, input to next step: ------------------------------------------------------------------------------------------------------------------------
[2026-03-21 23:17:57,058][rfdiffusion.inference.model_runners][INFO] - Timestep 35, input to next step: ------------------------------------------------------------------------------------------------------------------------
[2026-03-21 23:17:57,481][rfdiffusion.inference.model_runners][INFO] - Timestep 34, input to next step: ------------------------------------------------------------------------------------------------------------------------
[2026-03-21 23:17:57,960][rfdiffusion.inference.model_runners][INFO] - Timestep 33, input to next step: ------------------------------------------------------------------------------------------------------------------------
[2026-03-21 23:17:58,381][rfdiffusion.inference.model_runners][INFO] - Timestep 32, input to next step: ------------------------------------------------------------------------------------------------------------------------
[2026-03-21 23:17:58,863][rfdiffusion.inference.model_runners][INFO] - Timestep 31, input to next step: ------------------------------------------------------------------------------------------------------------------------
[2026-03-21 23:17:59,280][rfdiffusion.inference.model_runners][INFO] - Timestep 30, input to next step: ------------------------------------------------------------------------------------------------------------------------
[2026-03-21 23:17:59,750][rfdiffusion.inference.model_runners][INFO] - Timestep 29, input to next step: ------------------------------------------------------------------------------------------------------------------------
[2026-03-21 23:18:00,162][rfdiffusion.inference.model_runners][INFO] - Timestep 28, input to next step: ------------------------------------------------------------------------------------------------------------------------
[2026-03-21 23:18:00,580][rfdiffusion.inference.model_runners][INFO] - Timestep 27, input to next step: ------------------------------------------------------------------------------------------------------------------------
[2026-03-21 23:18:00,995][rfdiffusion.inference.model_runners][INFO] - Timestep 26, input to next step: ------------------------------------------------------------------------------------------------------------------------
[2026-03-21 23:18:01,428][rfdiffusion.inference.model_runners][INFO] - Timestep 25, input to next step: ------------------------------------------------------------------------------------------------------------------------
[2026-03-21 23:18:01,839][rfdiffusion.inference.model_runners][INFO] - Timestep 24, input to next step: ------------------------------------------------------------------------------------------------------------------------
[2026-03-21 23:18:02,249][rfdiffusion.inference.model_runners][INFO] - Timestep 23, input to next step: ------------------------------------------------------------------------------------------------------------------------
[2026-03-21 23:18:02,669][rfdiffusion.inference.model_runners][INFO] - Timestep 22, input to next step: ------------------------------------------------------------------------------------------------------------------------
[2026-03-21 23:18:03,089][rfdiffusion.inference.model_runners][INFO] - Timestep 21, input to next step: ------------------------------------------------------------------------------------------------------------------------
[2026-03-21 23:18:03,525][rfdiffusion.inference.model_runners][INFO] - Timestep 20, input to next step: ------------------------------------------------------------------------------------------------------------------------
[2026-03-21 23:18:03,937][rfdiffusion.inference.model_runners][INFO] - Timestep 19, input to next step: ------------------------------------------------------------------------------------------------------------------------
[2026-03-21 23:18:04,362][rfdiffusion.inference.model_runners][INFO] - Timestep 18, input to next step: ------------------------------------------------------------------------------------------------------------------------
[2026-03-21 23:18:04,776][rfdiffusion.inference.model_runners][INFO] - Timestep 17, input to next step: ------------------------------------------------------------------------------------------------------------------------
[2026-03-21 23:18:05,186][rfdiffusion.inference.model_runners][INFO] - Timestep 16, input to next step: ------------------------------------------------------------------------------------------------------------------------
[2026-03-21 23:18:05,596][rfdiffusion.inference.model_runners][INFO] - Timestep 15, input to next step: ------------------------------------------------------------------------------------------------------------------------
[2026-03-21 23:18:06,011][rfdiffusion.inference.model_runners][INFO] - Timestep 14, input to next step: ------------------------------------------------------------------------------------------------------------------------
[2026-03-21 23:18:06,425][rfdiffusion.inference.model_runners][INFO] - Timestep 13, input to next step: ------------------------------------------------------------------------------------------------------------------------
[2026-03-21 23:18:06,837][rfdiffusion.inference.model_runners][INFO] - Timestep 12, input to next step: ------------------------------------------------------------------------------------------------------------------------
[2026-03-21 23:18:07,251][rfdiffusion.inference.model_runners][INFO] - Timestep 11, input to next step: ------------------------------------------------------------------------------------------------------------------------
[2026-03-21 23:18:07,665][rfdiffusion.inference.model_runners][INFO] - Timestep 10, input to next step: ------------------------------------------------------------------------------------------------------------------------
[2026-03-21 23:18:08,084][rfdiffusion.inference.model_runners][INFO] - Timestep 9, input to next step: ------------------------------------------------------------------------------------------------------------------------
[2026-03-21 23:18:08,498][rfdiffusion.inference.model_runners][INFO] - Timestep 8, input to next step: ------------------------------------------------------------------------------------------------------------------------
[2026-03-21 23:18:08,910][rfdiffusion.inference.model_runners][INFO] - Timestep 7, input to next step: ------------------------------------------------------------------------------------------------------------------------
[2026-03-21 23:18:09,317][rfdiffusion.inference.model_runners][INFO] - Timestep 6, input to next step: ------------------------------------------------------------------------------------------------------------------------
[2026-03-21 23:18:09,729][rfdiffusion.inference.model_runners][INFO] - Timestep 5, input to next step: ------------------------------------------------------------------------------------------------------------------------
[2026-03-21 23:18:10,141][rfdiffusion.inference.model_runners][INFO] - Timestep 4, input to next step: ------------------------------------------------------------------------------------------------------------------------
[2026-03-21 23:18:10,547][rfdiffusion.inference.model_runners][INFO] - Timestep 3, input to next step: ------------------------------------------------------------------------------------------------------------------------
[2026-03-21 23:18:10,957][rfdiffusion.inference.model_runners][INFO] - Timestep 2, input to next step: ------------------------------------------------------------------------------------------------------------------------
[2026-03-21 23:18:12,293][__main__][INFO] - Finished design in 0.39 minutes
